<?xml version="1.0" encoding="UTF-8" ?>
<testsuite tests="33" failures="0" name="TennisTest" time="0" errors="0" skipped="0">
  <properties>
    <property name="idea.version" value="2020.2.4"/>
    <property name="java.runtime.name" value="Java(TM) SE Runtime Environment"/>
    <property name="java.vm.version" value="11+28"/>
    <property name="sun.boot.library.path" value="C:\Program Files\Java\jdk-11\bin"/>
    <property name="maven.multiModuleProjectDirectory" value="C:\Users\Usuario\Desktop\Sofka\Semana3\Refactorizacion\refactoring_tenis_kata"/>
    <property name="java.vm.vendor" value="Oracle Corporation"/>
    <property name="java.vendor.url" value="http://java.oracle.com/"/>
    <property name="guice.disable.misplaced.annotation.check" value="true"/>
    <property name="path.separator" value=";"/>
    <property name="java.vm.name" value="Java HotSpot(TM) 64-Bit Server VM"/>
    <property name="sun.os.patch.level" value=""/>
    <property name="user.script" value=""/>
    <property name="user.country" value="CO"/>
    <property name="sun.java.launcher" value="SUN_STANDARD"/>
    <property name="java.vm.specification.name" value="Java Virtual Machine Specification"/>
    <property name="user.dir" value="C:\Users\Usuario\Desktop\Sofka\Semana3\Refactorizacion\refactoring_tenis_kata"/>
    <property name="java.vm.compressedOopsMode" value="32-bit"/>
    <property name="java.runtime.version" value="11+28"/>
    <property name="java.awt.graphicsenv" value="sun.awt.Win32GraphicsEnvironment"/>
    <property name="os.arch" value="amd64"/>
    <property name="java.io.tmpdir" value="C:\Users\Usuario\AppData\Local\Temp\"/>
    <property name="line.separator" value="
"/>
    <property name="java.vm.specification.vendor" value="Oracle Corporation"/>
    <property name="user.variant" value=""/>
    <property name="os.name" value="Windows 10"/>
    <property name="maven.ext.class.path" value="C:\Program Files\JetBrains\IntelliJ IDEA Community Edition 2020.2.1\plugins\maven\lib\maven-event-listener.jar"/>
    <property name="classworlds.conf" value="C:\Program Files\JetBrains\IntelliJ IDEA Community Edition 2020.2.1\plugins\maven\lib\maven3\bin\m2.conf"/>
    <property name="sun.jnu.encoding" value="Cp1252"/>
    <property name="java.library.path" value="C:\Program Files\Java\jdk-11\bin;C:\Windows\Sun\Java\bin;C:\Windows\system32;C:\Windows;C:\Program Files\Common Files\Oracle\Java\javapath;C:\ProgramData\Oracle\Java\javapath;C:\oraclexe\app\oracle\product\11.2.0\server\bin;C:\Windows\system32;C:\Windows;C:\Windows\System32\Wbem;C:\Windows\System32\WindowsPowerShell\v1.0\;C:\Windows\System32\OpenSSH\;C:\mvn\apache-maven-3.6.3\bin;C:\Program Files\nodejs\;C:\mvn\apache-maven-3.6.3\bin;C:\Program Files\Java\jdk1.8.0_111\bin;C:\Gradle\gradle-6.8.2\bin;C:\Program Files\Git\cmd;C:\Program Files\MySQL\MySQL Shell 8.0\bin\;C:\python\Scripts\;C:\python\;C:\Users\Usuario\AppData\Local\Programs\Python\Launcher\;C:\Users\Usuario\AppData\Local\Microsoft\WindowsApps;;C:\Users\Usuario\AppData\Local\Programs\Microsoft VS Code\bin;C:\Program Files\heroku\bin;C:\Users\Usuario\AppData\Roaming\npm;."/>
    <property name="maven.conf" value="C:\Program Files\JetBrains\IntelliJ IDEA Community Edition 2020.2.1\plugins\maven\lib\maven3/conf"/>
    <property name="jdk.debug" value="release"/>
    <property name="java.class.version" value="55.0"/>
    <property name="java.specification.name" value="Java Platform API Specification"/>
    <property name="sun.management.compiler" value="HotSpot 64-Bit Tiered Compilers"/>
    <property name="os.version" value="10.0"/>
    <property name="user.home" value="C:\Users\Usuario"/>
    <property name="user.timezone" value="America/Bogota"/>
    <property name="java.awt.printerjob" value="sun.awt.windows.WPrinterJob"/>
    <property name="file.encoding" value="UTF-8"/>
    <property name="java.specification.version" value="11"/>
    <property name="user.name" value="Usuario"/>
    <property name="java.class.path" value="C:\Program Files\JetBrains\IntelliJ IDEA Community Edition 2020.2.1\plugins\maven\lib\maven3\boot\plexus-classworlds-2.6.0.jar;C:\Program Files\JetBrains\IntelliJ IDEA Community Edition 2020.2.1\plugins\maven\lib\maven3\boot\plexus-classworlds.license"/>
    <property name="java.vm.specification.version" value="11"/>
    <property name="sun.arch.data.model" value="64"/>
    <property name="sun.java.command" value="org.codehaus.classworlds.Launcher -Didea.version=2020.2.4 install"/>
    <property name="java.home" value="C:\Program Files\Java\jdk-11"/>
    <property name="user.language" value="es"/>
    <property name="java.specification.vendor" value="Oracle Corporation"/>
    <property name="awt.toolkit" value="sun.awt.windows.WToolkit"/>
    <property name="java.vm.info" value="mixed mode"/>
    <property name="java.version" value="11"/>
    <property name="java.vendor" value="Oracle Corporation"/>
    <property name="maven.home" value="C:\Program Files\JetBrains\IntelliJ IDEA Community Edition 2020.2.1\plugins\maven\lib\maven3"/>
    <property name="file.separator" value="\"/>
    <property name="java.version.date" value="2018-09-25"/>
    <property name="java.vendor.url.bug" value="http://bugreport.java.com/bugreport/"/>
    <property name="sun.io.unicode.encoding" value="UnicodeLittle"/>
    <property name="sun.cpu.endian" value="little"/>
    <property name="java.vendor.version" value="18.9"/>
    <property name="sun.desktop" value="windows"/>
    <property name="sun.cpu.isalist" value="amd64"/>
  </properties>
  <testcase classname="TennisTest" name="checkAllScoresTennisGame1[0]" time="0"/>
  <testcase classname="TennisTest" name="checkAllScoresTennisGame1[1]" time="0"/>
  <testcase classname="TennisTest" name="checkAllScoresTennisGame1[2]" time="0"/>
  <testcase classname="TennisTest" name="checkAllScoresTennisGame1[3]" time="0"/>
  <testcase classname="TennisTest" name="checkAllScoresTennisGame1[4]" time="0"/>
  <testcase classname="TennisTest" name="checkAllScoresTennisGame1[5]" time="0"/>
  <testcase classname="TennisTest" name="checkAllScoresTennisGame1[6]" time="0"/>
  <testcase classname="TennisTest" name="checkAllScoresTennisGame1[7]" time="0"/>
  <testcase classname="TennisTest" name="checkAllScoresTennisGame1[8]" time="0"/>
  <testcase classname="TennisTest" name="checkAllScoresTennisGame1[9]" time="0"/>
  <testcase classname="TennisTest" name="checkAllScoresTennisGame1[10]" time="0"/>
  <testcase classname="TennisTest" name="checkAllScoresTennisGame1[11]" time="0"/>
  <testcase classname="TennisTest" name="checkAllScoresTennisGame1[12]" time="0"/>
  <testcase classname="TennisTest" name="checkAllScoresTennisGame1[13]" time="0"/>
  <testcase classname="TennisTest" name="checkAllScoresTennisGame1[14]" time="0"/>
  <testcase classname="TennisTest" name="checkAllScoresTennisGame1[15]" time="0"/>
  <testcase classname="TennisTest" name="checkAllScoresTennisGame1[16]" time="0"/>
  <testcase classname="TennisTest" name="checkAllScoresTennisGame1[17]" time="0"/>
  <testcase classname="TennisTest" name="checkAllScoresTennisGame1[18]" time="0"/>
  <testcase classname="TennisTest" name="checkAllScoresTennisGame1[19]" time="0"/>
  <testcase classname="TennisTest" name="checkAllScoresTennisGame1[20]" time="0"/>
  <testcase classname="TennisTest" name="checkAllScoresTennisGame1[21]" time="0"/>
  <testcase classname="TennisTest" name="checkAllScoresTennisGame1[22]" time="0"/>
  <testcase classname="TennisTest" name="checkAllScoresTennisGame1[23]" time="0"/>
  <testcase classname="TennisTest" name="checkAllScoresTennisGame1[24]" time="0"/>
  <testcase classname="TennisTest" name="checkAllScoresTennisGame1[25]" time="0"/>
  <testcase classname="TennisTest" name="checkAllScoresTennisGame1[26]" time="0"/>
  <testcase classname="TennisTest" name="checkAllScoresTennisGame1[27]" time="0"/>
  <testcase classname="TennisTest" name="checkAllScoresTennisGame1[28]" time="0"/>
  <testcase classname="TennisTest" name="checkAllScoresTennisGame1[29]" time="0"/>
  <testcase classname="TennisTest" name="checkAllScoresTennisGame1[30]" time="0"/>
  <testcase classname="TennisTest" name="checkAllScoresTennisGame1[31]" time="0"/>
  <testcase classname="TennisTest" name="checkAllScoresTennisGame1[32]" time="0"/>
</testsuite>